Arguments: 
  C:\Program Files\nodejs\node.exe C:\Users\Shareef\AppData\Roaming\npm\node_modules\yarn\bin\yarn.js

PATH: 
  C:\Python39\Scripts\;C:\Python39\;C:\Python27\;C:\Python27\Scripts;C:\Program Files (x86)\Intel\Intel(R) Management Engine Components\iCLS\;C:\Program Files\Intel\Intel(R) Management Engine Components\iCLS\;C:\WINDOWS\system32;C:\WINDOWS;C:\WINDOWS\System32\Wbem;C:\WINDOWS\System32\WindowsPowerShell\v1.0\;C:\Program Files (x86)\Intel\Intel(R) Management Engine Components\DAL;C:\Program Files\Intel\Intel(R) Management Engine Components\DAL;C:\Program Files (x86)\Intel\Intel(R) Management Engine Components\IPT;C:\Program Files\Intel\Intel(R) Management Engine Components\IPT;C:\Program Files\Git\cmd;C:\ProgramData\chocolatey\bin;C:\Program Files\Java\jdk1.8.0_211\bin;C:\Users\Shareef\AppData\Local\Android\Sdk\platform-tools;C:\Program Files\Intel\WiFi\bin\;C:\Program Files\Common Files\Intel\WirelessCommon\;C:\WINDOWS\System32\OpenSSH\;C:\Program Files\nodejs\;C:\Users\Shareef\AppData\Local\Microsoft\WindowsApps;C:\Users\Shareef\AppData\Local\Programs\Microsoft VS Code\bin;C:\Users\Shareef\AppData\Roaming\npm

Yarn version: 
  1.22.10

Node version: 
  14.16.1

Platform: 
  win32 x64

Trace: 
  SyntaxError: C:\Users\Shareef\Documents\apps\alaqsa-market\package.json: Unexpected token } in JSON at position 1697
      at JSON.parse (<anonymous>)
      at C:\Users\Shareef\AppData\Roaming\npm\node_modules\yarn\lib\cli.js:1625:59
      at Generator.next (<anonymous>)
      at step (C:\Users\Shareef\AppData\Roaming\npm\node_modules\yarn\lib\cli.js:310:30)
      at C:\Users\Shareef\AppData\Roaming\npm\node_modules\yarn\lib\cli.js:321:13

npm manifest: 
  {
    "main": "node_modules/expo/AppEntry.js",
    "scripts": {
      "start": "expo start",
      "android": "expo start --android",
      "ios": "expo start --ios",
      "web": "expo start --web",
      "eject": "expo eject"
    },
    "dependencies": {
      "@expo-google-fonts/inter": "^0.1.0",
      "@react-native-community/masked-view": "0.1.10",
      "@react-native-community/picker": "1.6.6",
      "@react-navigation/bottom-tabs": "^5.9.1",
      "@react-navigation/drawer": "^5.9.2",
      "@react-navigation/native": "^5.7.5",
      "@react-navigation/stack": "^5.9.2",
      "axios": "^0.21.0",
      "expo": "~39.0.0",
      "expo-asset": "~8.2.0",
      "expo-font": "~8.3.0",
      "expo-image-picker": "~9.1.0",
      "expo-notifications": "~0.7.2",
      "expo-permissions": "~9.3.0",
      "expo-push-notification-helper": "^0.4.0",
      "expo-status-bar": "~1.0.2",
      "firebase": "7.9.0",
      "moment": "^2.29.1",
      "react": "16.13.1",
      "react-dom": "16.13.1",
      "react-native": "https://github.com/expo/react-native/archive/sdk-39.0.3.tar.gz",
      "react-native-custom-picker": "^0.4.0",
      "react-native-expandable-listview": "^1.2.11",
      "react-native-gesture-handler": "~1.7.0",
      "react-native-paper": "^4.2.0",
      "react-native-picker-select": "^8.0.2",
      "react-native-reanimated": "~1.13.0",
      "react-native-safe-area-context": "3.1.4",
      "react-native-screens": "~2.10.1",
      "react-native-svg": "12.1.0",
      "react-native-svg-transformer": "^0.14.3",
      "react-native-swipe-gestures": "^1.0.5",
      "react-native-web": "~0.13.12",
      "react-navigation": "^4.4.2",
      "react-redux": "^7.2.2",
      "redux": "^4.0.5",
      "redux-axios-middleware": "^4.0.1",
      "redux-thunk": "^2.3.0",
  
    },
    "devDependencies": {
      "@babel/core": "~7.9.0",
      "eslint": "^7.10.0",
      "eslint-config-airbnb": "^18.2.0",
      "eslint-plugin-import": "^2.22.1",
      "eslint-plugin-jsx-a11y": "^6.3.1",
      "eslint-plugin-react": "^7.21.3",
      "eslint-plugin-react-hooks": "^4.1.2"
    },
    "private": true
  }

yarn manifest: 
  No manifest

Lockfile: 
  No lockfile
